<?xml version="1.0" encoding="UTF-8"?>
<testng-results skipped="0" failed="0" ignored="0" total="1" passed="1">
  <reporter-output>
  </reporter-output>
  <suite name="Default suite" duration-ms="11150" started-at="2020-12-14T21:59:42 IST" finished-at="2020-12-14T21:59:53 IST">
    <groups>
    </groups>
    <test name="Default test" duration-ms="11150" started-at="2020-12-14T21:59:42 IST" finished-at="2020-12-14T21:59:53 IST">
      <class name="testcases.Loginapplication">
        <test-method status="PASS" signature="initialize()[pri:0, instance:testcases.Loginapplication@9660f4e]" name="initialize" is-config="true" duration-ms="2401" started-at="2020-12-14T21:59:42 IST" finished-at="2020-12-14T21:59:44 IST">
          <reporter-output>
          </reporter-output>
        </test-method> <!-- initialize -->
        <test-method status="PASS" signature="login()[pri:0, instance:testcases.Loginapplication@9660f4e]" name="login" duration-ms="8525" started-at="2020-12-14T21:59:44 IST" finished-at="2020-12-14T21:59:53 IST">
          <reporter-output>
          </reporter-output>
        </test-method> <!-- login -->
        <test-method status="PASS" signature="tearDown()[pri:0, instance:testcases.Loginapplication@9660f4e]" name="tearDown" is-config="true" duration-ms="193" started-at="2020-12-14T21:59:53 IST" finished-at="2020-12-14T21:59:53 IST">
          <reporter-output>
          </reporter-output>
        </test-method> <!-- tearDown -->
      </class> <!-- testcases.Loginapplication -->
    </test> <!-- Default test -->
  </suite> <!-- Default suite -->
</testng-results>
